0 verbose cli /usr/local/bin/node /usr/local/bin/npm
1 info using npm@10.9.2
2 info using node@v21.7.3
3 silly config load:file:/usr/local/lib/node_modules/npm/npmrc
4 silly config load:file:/home/container/.npmrc
5 silly config load:file:/usr/local/etc/npmrc
6 verbose title npm install
7 verbose argv "install"
8 verbose logfile logs-max:10 dir:/home/container/.npm/_logs/2024-12-10T06_44_39_082Z-
9 verbose logfile /home/container/.npm/_logs/2024-12-10T06_44_39_082Z-debug-0.log
10 silly logfile start cleaning logs, removing 1 files
11 silly packumentCache heap:761266176 maxSize:190316544 maxEntrySize:95158272
12 silly logfile done cleaning log files
13 silly idealTree buildDeps
14 silly reify moves {}
15 silly audit bulk request {
15 silly audit   '@distube/ytdl-core': [ '4.15.1' ],
15 silly audit   '@fastify/busboy': [ '2.1.1' ],
15 silly audit   '@gar/promisify': [ '1.1.3' ],
15 silly audit   '@jimp/bmp': [ '0.22.12' ],
15 silly audit   '@jimp/core': [ '0.22.12' ],
15 silly audit   '@jimp/custom': [ '0.22.12' ],
15 silly audit   '@jimp/gif': [ '0.22.12' ],
15 silly audit   '@jimp/jpeg': [ '0.22.12' ],
15 silly audit   '@jimp/plugin-blit': [ '0.22.12' ],
15 silly audit   '@jimp/plugin-blur': [ '0.22.12' ],
15 silly audit   '@jimp/plugin-circle': [ '0.22.12' ],
15 silly audit   '@jimp/plugin-color': [ '0.22.12' ],
15 silly audit   '@jimp/plugin-contain': [ '0.22.12' ],
15 silly audit   '@jimp/plugin-cover': [ '0.22.12' ],
15 silly audit   '@jimp/plugin-crop': [ '0.22.12' ],
15 silly audit   '@jimp/plugin-displace': [ '0.22.12' ],
15 silly audit   '@jimp/plugin-dither': [ '0.22.12' ],
15 silly audit   '@jimp/plugin-fisheye': [ '0.22.12' ],
15 silly audit   '@jimp/plugin-flip': [ '0.22.12' ],
15 silly audit   '@jimp/plugin-gaussian': [ '0.22.12' ],
15 silly audit   '@jimp/plugin-invert': [ '0.22.12' ],
15 silly audit   '@jimp/plugin-mask': [ '0.22.12' ],
15 silly audit   '@jimp/plugin-normalize': [ '0.22.12' ],
15 silly audit   '@jimp/plugin-print': [ '0.22.12' ],
15 silly audit   '@jimp/plugin-resize': [ '0.22.12' ],
15 silly audit   '@jimp/plugin-rotate': [ '0.22.12' ],
15 silly audit   '@jimp/plugin-scale': [ '0.22.12' ],
15 silly audit   '@jimp/plugin-shadow': [ '0.22.12' ],
15 silly audit   '@jimp/plugin-threshold': [ '0.22.12' ],
15 silly audit   '@jimp/plugins': [ '0.22.12' ],
15 silly audit   '@jimp/png': [ '0.22.12' ],
15 silly audit   '@jimp/tiff': [ '0.22.12' ],
15 silly audit   '@jimp/types': [ '0.22.12' ],
15 silly audit   '@jimp/utils': [ '0.22.12' ],
15 silly audit   '@mapbox/node-pre-gyp': [ '1.0.11' ],
15 silly audit   'agent-base': [ '6.0.2', '7.1.3', '5.1.1' ],
15 silly audit   'are-we-there-yet': [ '2.0.0', '4.0.2', '1.0.6', '3.0.1' ],
15 silly audit   debug: [ '4.4.0', '2.6.9' ],
15 silly audit   gauge: [ '3.0.2', '1.2.7', '5.0.2', '4.0.4' ],
15 silly audit   'https-proxy-agent': [ '5.0.1', '4.0.0', '7.0.6' ],
15 silly audit   ms: [ '2.1.3', '2.0.0' ],
15 silly audit   npmlog: [ '5.0.1', '1.2.1', '6.0.2', '7.0.1' ],
15 silly audit   'readable-stream': [ '3.6.2', '2.3.8', '4.5.2' ],
15 silly audit   'signal-exit': [ '3.0.7', '4.1.0' ],
15 silly audit   '@npmcli/fs': [ '1.1.1' ],
15 silly audit   '@npmcli/move-file': [ '1.1.2' ],
15 silly audit   '@pnpm/config.env-replace': [ '1.1.0' ],
15 silly audit   '@pnpm/network.ca-file': [ '1.0.2' ],
15 silly audit   'graceful-fs': [ '4.2.10', '4.2.11' ],
15 silly audit   '@pnpm/npm-conf': [ '2.3.1' ],
15 silly audit   '@sindresorhus/is': [ '4.6.0' ],
15 silly audit   '@szmarczak/http-timer': [ '4.0.6' ],
15 silly audit   '@tokenizer/token': [ '0.3.0' ],
15 silly audit   '@tootallnate/once': [ '1.1.2' ],
15 silly audit   '@types/cacheable-request': [ '6.0.3' ],
15 silly audit   '@types/follow-redirects': [ '1.14.4' ],
15 silly audit   '@types/http-cache-semantics': [ '4.0.4' ],
15 silly audit   '@types/keyv': [ '3.1.4' ],
15 silly audit   '@types/node': [ '18.19.67', '16.9.1' ],
15 silly audit   '@types/progress-stream': [ '2.0.5' ],
15 silly audit   '@types/responselike': [ '1.0.3' ],
15 silly audit   '@types/tinycolor2': [ '1.4.6' ],
15 silly audit   abbrev: [ '1.1.1' ],
15 silly audit   'abort-controller': [ '3.0.0' ],
15 silly audit   accepts: [ '1.3.8' ],
15 silly audit   'aes-js': [ '3.1.2' ],
15 silly audit   agentkeepalive: [ '4.5.0' ],
15 silly audit   'aggregate-error': [ '3.1.0' ],
15 silly audit   ajv: [ '6.12.6' ],
15 silly audit   ansi: [ '0.3.1' ],
15 silly audit   'ansi-regex': [ '5.0.1', '2.1.1', '3.0.1' ],
15 silly audit   'ansi-styles': [ '4.3.0' ],
15 silly audit   'ansi-to-html': [ '0.7.2' ],
15 silly audit   entities: [ '2.2.0', '4.5.0', '1.1.2' ],
15 silly audit   'any-base': [ '1.1.0' ],
15 silly audit   aproba: [ '2.0.0' ],
15 silly audit   'array-flatten': [ '1.1.1' ],
15 silly audit   asn1: [ '0.2.6' ],
15 silly audit   assert: [ '2.1.0' ],
15 silly audit   'assert-plus': [ '1.0.0' ],
15 silly audit   'async-limiter': [ '1.0.1' ],
15 silly audit   'async.parallellimit': [ '0.5.2' ],
15 silly audit   'async.util.eachoflimit': [ '0.5.2' ],
15 silly audit   'async.util.isarray': [ '0.5.2' ],
15 silly audit   'async.util.isarraylike': [ '0.5.2' ],
15 silly audit   'async.util.keyiterator': [ '0.5.2' ],
15 silly audit   'async.util.keys': [ '0.5.2' ],
15 silly audit   'async.util.noop': [ '0.5.2' ],
15 silly audit   'async.util.once': [ '0.5.2' ],
15 silly audit   'async.util.onlyonce': [ '0.5.2' ],
15 silly audit   'async.util.parallel': [ '0.5.2' ],
15 silly audit   'async.util.restparam': [ '0.5.2' ],
15 silly audit   asynckit: [ '0.4.0' ],
15 silly audit   'available-typed-arrays': [ '1.0.7' ],
15 silly audit   'aws-sign2': [ '0.7.0' ],
15 silly audit   aws4: [ '1.13.2' ],
15 silly audit   axios: [ '1.7.9', '0.21.4' ],
15 silly audit   'bad-words': [ '3.0.4' ],
15 silly audit   'badwords-list': [ '1.0.0' ],
15 silly audit   'balanced-match': [ '1.0.2' ],
15 silly audit   'base32.js': [ '0.0.1' ],
15 silly audit   'base64-js': [ '1.5.1' ],
15 silly audit   'bcrypt-pbkdf': [ '1.0.2' ],
15 silly audit   'better-sqlite3': [ '11.0.0' ],
15 silly audit   bindings: [ '1.5.0' ],
15 silly audit   bl: [ '4.1.0' ],
15 silly audit   bluebird: [ '3.7.2', '2.11.0' ],
15 silly audit   'bmp-js': [ '0.1.0' ],
15 silly audit   'body-parser': [ '1.20.3' ],
15 silly audit   'iconv-lite': [ '0.4.24', '0.6.3' ],
15 silly audit   boolbase: [ '1.0.0' ],
15 silly audit   boolstring: [ '1.0.2' ],
15 silly audit   'brace-expansion': [ '1.1.11' ],
15 silly audit   buffer: [ '5.7.1', '6.0.3' ],
15 silly audit   'buffer-equal': [ '0.0.1' ],
15 silly audit   'buffer-from': [ '1.1.2' ],
15 silly audit   bytes: [ '3.1.2' ],
15 silly audit   cacache: [ '15.3.0' ],
15 silly audit   'cacheable-lookup': [ '5.0.4' ],
15 silly audit   'cacheable-request': [ '7.0.4' ],
15 silly audit   'call-bind': [ '1.0.8' ],
15 silly audit   'call-bind-apply-helpers': [ '1.0.1' ],
15 silly audit   'callback-stream': [ '1.1.0' ],
15 silly audit   'safe-buffer': [ '5.1.2', '5.2.1' ],
15 silly audit   string_decoder: [ '1.1.1', '1.3.0' ],
15 silly audit   canvas: [ '2.11.2' ],
15 silly audit   caseless: [ '0.12.0' ],
15 silly audit   centra: [ '2.7.0' ],
15 silly audit   chalk: [ '4.1.2' ],
15 silly audit   cheerio: [ '1.0.0', '1.0.0-rc.12', '0.22.0' ],
15 silly audit   'cheerio-select': [ '2.1.0' ],
15 silly audit   undici: [ '6.21.0', '5.28.4' ],
15 silly audit   child_process: [ '1.0.2' ],
15 silly audit   chownr: [ '2.0.0', '1.1.4' ],
15 silly audit   'clean-stack': [ '2.2.0' ],
15 silly audit   'cli-color': [ '1.2.0' ],
15 silly audit   'clone-response': [ '1.0.3' ],
15 silly audit   'mimic-response': [ '1.0.1', '3.1.0', '2.1.0' ],
15 silly audit   'color-convert': [ '2.0.1' ],
15 silly audit   'color-name': [ '1.1.4' ],
15 silly audit   'color-support': [ '1.1.3' ],
15 silly audit   'combined-stream': [ '1.0.8' ],
15 silly audit   commist: [ '1.1.0' ],
15 silly audit   'concat-map': [ '0.0.1' ],
15 silly audit   'concat-stream': [ '2.0.0', '1.6.2' ],
15 silly audit   'config-chain': [ '1.1.13' ],
15 silly audit   'console-control-strings': [ '1.1.0' ],
15 silly audit   'content-disposition': [ '0.5.4' ],
15 silly audit   'content-type': [ '1.0.5' ],
15 silly audit   cookie: [ '0.7.1' ],
15 silly audit   'cookie-signature': [ '1.0.6' ],
15 silly audit   'core-util-is': [ '1.0.2' ],
15 silly audit   'crypto-js': [ '4.2.0' ],
15 silly audit   'css-select': [ '5.1.0', '1.2.0' ],
15 silly audit   'css-what': [ '6.1.0', '2.1.3' ],
15 silly audit   d: [ '1.0.2' ],
15 silly audit   dashdash: [ '1.14.1' ],
15 silly audit   dasu: [ '0.4.3' ],
15 silly audit   deasync: [ '0.1.30' ],
15 silly audit   'decompress-response': [ '7.0.0', '6.0.0', '4.2.1' ],
15 silly audit   'deep-extend': [ '0.6.0' ],
15 silly audit   'defer-to-connect': [ '2.0.1' ],
15 silly audit   'define-data-property': [ '1.1.4' ],
15 silly audit   'define-properties': [ '1.2.1' ],
15 silly audit   'delayed-stream': [ '1.0.0' ],
15 silly audit   delegates: [ '1.0.0' ],
15 silly audit   depd: [ '2.0.0' ],
15 silly audit   destroy: [ '1.2.0' ],
15 silly audit   'detect-libc': [ '2.0.3' ],
15 silly audit   'dom-serializer': [ '2.0.0', '0.1.1' ],
15 silly audit   'dom-walk': [ '0.1.2' ],
15 silly audit   domelementtype: [ '2.3.0', '1.3.1' ],
15 silly audit   domhandler: [ '5.0.3', '2.4.2' ],
15 silly audit   domutils: [ '3.1.0', '1.5.1' ],
15 silly audit   'dunder-proto': [ '1.0.0' ],
15 silly audit   duplexify: [ '4.1.3', '3.7.1' ],
15 silly audit   'ecc-jsbn': [ '0.1.2' ],
15 silly audit   jsbn: [ '0.1.1', '1.1.0' ],
15 silly audit   'ee-first': [ '1.1.1' ],
15 silly audit   'emoji-regex': [ '8.0.0' ],
15 silly audit   encode32: [ '1.1.0' ],
15 silly audit   encodeurl: [ '2.0.0', '1.0.2' ],
15 silly audit   encoding: [ '0.1.13' ],
15 silly audit   'encoding-sniffer': [ '0.2.0' ],
15 silly audit   'end-of-stream': [ '1.4.4' ],
15 silly audit   'enhanced-ms': [ '3.0.0' ],
15 silly audit   'env-paths': [ '2.2.1' ],
15 silly audit   'err-code': [ '2.0.3' ],
15 silly audit   'es-define-property': [ '1.0.1' ],
15 silly audit   'es-errors': [ '1.3.0' ],
15 silly audit   'es5-ext': [ '0.10.64' ],
15 silly audit   'es6-iterator': [ '2.0.3' ],
15 silly audit   'es6-map': [ '0.1.5' ],
15 silly audit   'es6-set': [ '0.1.6' ],
15 silly audit   'es6-symbol': [ '3.1.4' ],
15 silly audit   'es6-weak-map': [ '2.0.3' ],
15 silly audit   'escape-html': [ '1.0.3' ],
15 silly audit   esniff: [ '2.0.1' ],
15 silly audit   etag: [ '1.8.1' ],
15 silly audit   'event-emitter': [ '0.3.5' ],
15 silly audit   'event-target-shim': [ '5.0.1' ],
15 silly audit   events: [ '3.3.0' ],
15 silly audit   'exif-parser': [ '0.1.12' ],
15 silly audit   'expand-template': [ '2.0.3' ],
15 silly audit   express: [ '4.21.2' ],
15 silly audit   ext: [ '1.7.0' ],
15 silly audit   extend: [ '3.0.2' ],
15 silly audit   extsprintf: [ '1.3.0' ],
15 silly audit   'fast-deep-equal': [ '3.1.3' ],
15 silly audit   'fast-json-stable-stringify': [ '2.1.0' ],
15 silly audit   'fast-xml-parser': [ '4.5.0' ],
15 silly audit   fastgate: [ '6.1.0' ],
15 silly audit   nyro: [ '1.0.0', '2.0.3' ],
15 silly audit   'fca-liane-utils': [ '1.4.0' ],
15 silly audit   'fca-priyansh': [ '18.0.0' ],
15 silly audit   htmlparser2: [ '8.0.2', '3.10.1', '9.1.0' ],
15 silly audit   'fca-unofficial': [ '1.3.10' ],
15 silly audit   'help-me': [ '1.1.0', '3.0.0' ],
15 silly audit   mqtt: [ '3.0.0', '4.3.8' ],
15 silly audit   'nth-check': [ '1.0.2', '2.1.1' ],
15 silly audit   figlet: [ '1.8.0' ],
15 silly audit   'file-type': [ '16.5.4' ],
15 silly audit   'file-uri-to-path': [ '1.0.0' ],
15 silly audit   'file-url': [ '3.0.0' ],
15 silly audit   finalhandler: [ '1.3.1' ],
15 silly audit   'follow-redirects': [ '1.15.9' ],
15 silly audit   fontstyles: [ '1.1.2' ],
15 silly audit   'for-each': [ '0.3.3' ],
15 silly audit   'forever-agent': [ '0.6.1' ],
15 silly audit   'form-data': [ '4.0.1', '2.3.3' ],
15 silly audit   forwarded: [ '0.2.0' ],
15 silly audit   fresh: [ '0.5.2' ],
15 silly audit   'fs-constants': [ '1.0.0' ],
15 silly audit   'fs-extra': [ '11.2.0' ],
15 silly audit   'fs-minipass': [ '2.1.0' ],
15 silly audit   'fs.realpath': [ '1.0.0' ],
15 silly audit   'function-bind': [ '1.1.2' ],
15 silly audit   'get-intrinsic': [ '1.2.5' ],
15 silly audit   'get-it': [ '8.6.5' ],
15 silly audit   'get-latest-version': [ '5.1.0' ],
15 silly audit   'get-stream': [ '5.2.0' ],
15 silly audit   getpass: [ '0.1.7' ],
15 silly audit   gifwrap: [ '0.10.1' ],
15 silly audit   'github-from-package': [ '0.0.0' ],
15 silly audit   glob: [ '7.2.3' ],
15 silly audit   'glob-parent': [ '3.1.0' ],
15 silly audit   'glob-stream': [ '6.1.0' ],
15 silly audit   global: [ '4.4.0' ],
15 silly audit   gopd: [ '1.2.0' ],
15 silly audit   got: [ '11.8.6' ],
15 silly audit   'gradient-string': [ '2.0.2' ],
15 silly audit   'har-schema': [ '2.0.0' ],
15 silly audit   'har-validator': [ '5.1.5' ],
15 silly audit   'has-flag': [ '4.0.0' ],
15 silly audit   'has-property-descriptors': [ '1.0.2' ],
15 silly audit   'has-symbols': [ '1.1.0' ],
15 silly audit   'has-tostringtag': [ '1.0.2' ],
15 silly audit   'has-unicode': [ '2.0.1' ],
15 silly audit   hasown: [ '2.0.2' ],
15 silly audit   hercai: [ '12.4.0' ],
15 silly audit   'hex-color-regex': [ '1.0.3' ],
15 silly audit   http: [ '0.0.1-security' ],
15 silly audit   'http-cache-semantics': [ '4.1.1' ],
15 silly audit   'http-cookie-agent': [ '6.0.6' ],
15 silly audit   'http-errors': [ '2.0.0' ],
15 silly audit   'http-proxy-agent': [ '7.0.2', '4.0.1' ],
15 silly audit   'http-signature': [ '1.2.0' ],
15 silly audit   'http2-wrapper': [ '1.0.3', '2.2.1' ],
15 silly audit   https: [ '1.0.0' ],
15 silly audit   'human-time': [ '0.0.2' ],
15 silly audit   'humanize-ms': [ '1.2.1' ],
15 silly audit   ieee754: [ '1.2.1' ],
15 silly audit   'image-q': [ '4.0.0' ],
15 silly audit   imurmurhash: [ '0.1.4' ],
15 silly audit   'indent-string': [ '4.0.0' ],
15 silly audit   'infer-owner': [ '1.0.4' ],
15 silly audit   inflight: [ '1.0.6' ],
15 silly audit   inherits: [ '2.0.4', '2.0.3' ],
15 silly audit   ini: [ '1.3.8' ],
15 silly audit   'ip-address': [ '9.0.5' ],
15 silly audit   'ipaddr.js': [ '1.9.1' ],
15 silly audit   'is-absolute': [ '1.0.0' ],
15 silly audit   'is-arguments': [ '1.1.1' ],
15 silly audit   'is-callable': [ '1.2.7' ],
15 silly audit   'is-extglob': [ '2.1.1' ],
15 silly audit   'is-fullwidth-code-point': [ '3.0.0', '2.0.0' ],
15 silly audit   'is-function': [ '1.0.2' ],
15 silly audit   'is-generator-function': [ '1.0.10' ],
15 silly audit   'is-glob': [ '3.1.0' ],
15 silly audit   'is-hexcolor': [ '1.0.0' ],
15 silly audit   'is-lambda': [ '1.0.1' ],
15 silly audit   'is-nan': [ '1.3.2' ],
15 silly audit   'is-negated-glob': [ '1.0.0' ],
15 silly audit   'is-promise': [ '2.2.2' ],
15 silly audit   'is-relative': [ '1.0.0' ],
15 silly audit   'is-retry-allowed': [ '2.2.0' ],
15 silly audit   'is-typed-array': [ '1.1.13' ],
15 silly audit   'is-typedarray': [ '1.0.0' ],
15 silly audit   'is-unc-path': [ '1.0.0' ],
15 silly audit   'is-windows': [ '1.0.2' ],
15 silly audit   isarray: [ '1.0.0' ],
15 silly audit   isexe: [ '2.0.0' ],
15 silly audit   'iso8601-duration': [ '1.3.0' ],
15 silly audit   'isomorphic-fetch': [ '3.0.0' ],
15 silly audit   isstream: [ '0.1.2' ],
15 silly audit   jimp: [ '0.22.12' ],
15 silly audit   'jpeg-js': [ '0.4.4' ],
15 silly audit   'js-sdsl': [ '4.3.0' ],
15 silly audit   'json-buffer': [ '3.0.1' ],
15 silly audit   'json-schema': [ '0.4.0' ],
15 silly audit   'json-schema-traverse': [ '0.4.1' ],
15 silly audit   'json-stable-stringify-without-jsonify': [ '1.0.1' ],
15 silly audit   'json-stringify-safe': [ '5.0.1' ],
15 silly audit   jsonfile: [ '6.1.0' ],
15 silly audit   'jsonpath-plus': [ '5.0.7' ],
15 silly audit   jsprim: [ '1.4.2' ],
15 silly audit   jssha: [ '3.3.1' ],
15 silly audit   keypress: [ '0.2.1' ],
15 silly audit   keyv: [ '4.5.4' ],
15 silly audit   leven: [ '2.1.0' ],
15 silly audit   'load-bmfont': [ '1.4.2' ],
15 silly audit   lodash: [ '4.17.21' ],
15 silly audit   'lodash.assignin': [ '4.2.0' ],
15 silly audit   'lodash.bind': [ '4.2.1' ],
15 silly audit   'lodash.defaults': [ '4.2.0' ],
15 silly audit   'lodash.filter': [ '4.6.0' ],
15 silly audit   'lodash.flatten': [ '4.4.0' ],
15 silly audit   'lodash.foreach': [ '4.5.0' ],
15 silly audit   'lodash.map': [ '4.6.0' ],
15 silly audit   'lodash.merge': [ '4.6.2' ],
15 silly audit   'lodash.pad': [ '4.5.1' ],
15 silly audit   'lodash.padend': [ '4.6.1' ],
15 silly audit   'lodash.padstart': [ '4.6.1' ],
15 silly audit   'lodash.pick': [ '4.4.0' ],
15 silly audit   'lodash.reduce': [ '4.6.0' ],
15 silly audit   'lodash.reject': [ '4.6.0' ],
15 silly audit   'lodash.some': [ '4.6.0' ],
15 silly audit   'lowercase-keys': [ '2.0.0' ],
15 silly audit   'lru-cache': [ '6.0.0' ],
15 silly audit   'lru-queue': [ '0.1.0' ],
15 silly audit   m3u8stream: [ '0.8.6' ],
15 silly audit   'make-dir': [ '3.1.0' ],
15 silly audit   semver: [ '6.3.1', '7.6.3' ],
15 silly audit   'make-fetch-happen': [ '9.1.0' ],
15 silly audit   'socks-proxy-agent': [ '6.2.1', '8.0.5' ],
15 silly audit   'media-typer': [ '0.3.0' ],
15 silly audit   memoizee: [ '0.4.17' ],
15 silly audit   'merge-descriptors': [ '1.0.3' ],
15 silly audit   methods: [ '1.1.2' ],
15 silly audit   mime: [ '1.6.0' ],
15 silly audit   'mime-db': [ '1.52.0' ],
15 silly audit   'mime-types': [ '2.1.35' ],
15 silly audit   'min-document': [ '2.19.0' ],
15 silly audit   miniget: [ '4.2.3' ],
15 silly audit   minimatch: [ '3.1.2', '3.0.8' ],
15 silly audit   minimist: [ '1.2.8' ],
15 silly audit   minipass: [ '3.3.6', '5.0.0' ],
15 silly audit   'minipass-collect': [ '1.0.2' ],
15 silly audit   'minipass-fetch': [ '1.4.1' ],
15 silly audit   'minipass-flush': [ '1.0.5' ],
15 silly audit   'minipass-pipeline': [ '1.2.4' ],
15 silly audit   'minipass-sized': [ '1.0.3' ],
15 silly audit   minizlib: [ '2.1.2' ],
15 silly audit   mkdirp: [ '1.0.4' ],
15 silly audit   'mkdirp-classic': [ '0.5.3' ],
15 silly audit   moment: [ '2.30.1' ],
15 silly audit   'moment-timezone': [ '0.5.46' ],
15 silly audit   'mqtt-packet': [ '6.10.0' ],
15 silly audit   ws: [ '7.5.10', '3.3.3', '8.18.0' ],
15 silly audit   nan: [ '2.22.0' ],
15 silly audit   'napi-build-utils': [ '1.0.2' ],
15 silly audit   negotiator: [ '0.6.3' ],
15 silly audit   'next-tick': [ '1.1.0' ],
15 silly audit   'node-abi': [ '3.71.0' ],
15 silly audit   'node-addon-api': [ '1.7.2', '7.1.1' ],
15 silly audit   'node-cron': [ '3.0.3' ],
15 silly audit   uuid: [ '8.3.2', '3.4.0', '11.0.3' ],
15 silly audit   'node-fetch': [ '2.7.0' ],
15 silly audit   'node-fzf': [ '0.5.3' ],
15 silly audit   'string-width': [ '2.1.1', '4.2.3' ],
15 silly audit   'strip-ansi': [ '4.0.0', '6.0.1' ],
15 silly audit   'node-gyp': [ '8.4.1' ],
15 silly audit   nopt: [ '5.0.0' ],
15 silly audit   'normalize-url': [ '6.1.0' ],
15 silly audit   'number-allocator': [ '1.0.14' ],
15 silly audit   'oauth-sign': [ '0.9.0' ],
15 silly audit   'object-assign': [ '4.1.1' ],
15 silly audit   'object-inspect': [ '1.13.3' ],
15 silly audit   'object-is': [ '1.1.6' ],
15 silly audit   'object-keys': [ '1.1.1' ],
15 silly audit   'object.assign': [ '4.1.5' ],
15 silly audit   omggif: [ '1.0.10' ],
15 silly audit   'on-finished': [ '2.4.1' ],
15 silly audit   once: [ '1.4.0' ],
15 silly audit   'ordered-read-streams': [ '1.0.1' ],
15 silly audit   os: [ '0.1.2' ],
15 silly audit   'p-cancelable': [ '2.1.1' ],
15 silly audit   'p-map': [ '4.0.0' ],
15 silly audit   pako: [ '1.0.11' ],
15 silly audit   'parse-bmfont-ascii': [ '1.0.6' ],
15 silly audit   'parse-bmfont-binary': [ '1.0.6' ],
15 silly audit   'parse-bmfont-xml': [ '1.1.6' ],
15 silly audit   'parse-headers': [ '2.0.5' ],
15 silly audit   'parse-ms': [ '2.1.0' ],
15 silly audit   parse5: [ '7.2.1' ],
15 silly audit   'parse5-htmlparser2-tree-adapter': [ '7.1.0' ],
15 silly audit   'parse5-parser-stream': [ '7.1.2' ],
15 silly audit   parseurl: [ '1.3.3' ],
15 silly audit   'pastebin-api': [ '7.0.0' ],
15 silly audit   path: [ '0.12.7' ],
15 silly audit   'path-dirname': [ '1.0.2' ],
15 silly audit   'path-is-absolute': [ '1.0.1' ],
15 silly audit   'path-to-regexp': [ '0.1.12' ],
15 silly audit   util: [ '0.10.4', '0.12.5' ],
15 silly audit   'peek-readable': [ '4.1.0' ],
15 silly audit   'performance-now': [ '2.1.0' ],
15 silly audit   phin: [ '3.7.1' ],
15 silly audit   pixelmatch: [ '4.0.2' ],
15 silly audit   pngjs: [ '3.4.0', '6.0.0' ],
15 silly audit   'possible-typed-array-names': [ '1.0.0' ],
15 silly audit   'prebuild-install': [ '7.1.2' ],
15 silly audit   'simple-get': [ '4.0.1', '3.1.1' ],
15 silly audit   'pretty-ms': [ '7.0.1' ],
15 silly audit   process: [ '0.11.10' ],
15 silly audit   'process-nextick-args': [ '2.0.1' ],
15 silly audit   'progress-stream': [ '2.0.0' ],
15 silly audit   'promise-inflight': [ '1.0.1' ],
15 silly audit   'promise-retry': [ '2.0.1' ],
15 silly audit   'proto-list': [ '1.2.4' ],
15 silly audit   'proxy-addr': [ '2.0.7' ],
15 silly audit   'proxy-from-env': [ '1.1.0' ],
15 silly audit   psl: [ '1.15.0' ],
15 silly audit   pump: [ '3.0.2', '2.0.1' ],
15 silly audit   pumpify: [ '1.5.1' ],
15 silly audit   punycode: [ '2.3.1' ],
15 silly audit   qs: [ '6.13.0', '6.5.3' ],
15 silly audit   querystringify: [ '2.2.0' ],
15 silly audit   'quick-lru': [ '5.1.1' ],
15 silly audit   'range-parser': [ '1.2.1' ],
15 silly audit   'raw-body': [ '2.5.2' ],
15 silly audit   rc: [ '1.2.8' ],
15 silly audit   'readable-web-to-node-stream': [ '3.0.2' ],
15 silly audit   readline: [ '1.3.0' ],
15 silly audit   redstar: [ '0.0.2' ],
15 silly audit   'regenerator-runtime': [ '0.13.11' ],
15 silly audit   'registry-auth-token': [ '5.0.3' ],
15 silly audit   'registry-url': [ '5.1.0' ],
15 silly audit   reinterval: [ '1.1.0' ],
15 silly audit   'remove-trailing-separator': [ '1.1.0' ],
15 silly audit   request: [ '2.88.2' ],
15 silly audit   'tough-cookie': [ '2.5.0', '4.1.4' ],
15 silly audit   'requires-port': [ '1.0.0' ],
15 silly audit   'resolve-alpn': [ '1.2.1' ],
15 silly audit   responselike: [ '2.0.1' ],
15 silly audit   retry: [ '0.12.0' ],
15 silly audit   rfdc: [ '1.4.1' ],
15 silly audit   rimraf: [ '3.0.2' ],
15 silly audit   'ryuu-fca-api': [ '3.2.1' ],
15 silly audit   'safer-buffer': [ '2.1.2' ],
15 silly audit   sax: [ '1.4.1' ],
15 silly audit   send: [ '0.19.0' ],
15 silly audit   'serve-static': [ '1.16.2' ],
15 silly audit   'set-blocking': [ '2.0.0' ],
15 silly audit   'set-function-length': [ '1.2.2' ],
15 silly audit   setprototypeof: [ '1.2.0' ],
15 silly audit   'side-channel': [ '1.0.6' ],
15 silly audit   'simple-concat': [ '1.0.1' ],
15 silly audit   'simple-youtube-api': [ '5.2.1' ],
15 silly audit   'smart-buffer': [ '4.2.0' ],
15 silly audit   socks: [ '2.8.3' ],
15 silly audit   speakeasy: [ '2.0.0' ],
15 silly audit   speedometer: [ '1.0.0' ],
15 silly audit   split2: [ '3.2.2' ],
15 silly audit   'sprintf-js': [ '1.1.3' ],
15 silly audit   sqlite3: [ '5.1.7' ],
15 silly audit   sshpk: [ '1.18.0' ],
15 silly audit   ssri: [ '8.0.1' ],
15 silly audit   statuses: [ '2.0.1' ],
15 silly audit   'stream-shift': [ '1.0.3' ],
15 silly audit   'string-similarity': [ '4.0.4' ],
15 silly audit   'strip-json-comments': [ '2.0.1' ],
15 silly audit   strnum: [ '1.0.5' ],
15 silly audit   strtok3: [ '6.3.0' ],
15 silly audit   'supports-color': [ '7.2.0' ],
15 silly audit   tar: [ '6.2.1' ],
15 silly audit   'tar-fs': [ '2.1.1' ],
15 silly audit   'tar-stream': [ '2.2.0' ],
15 silly audit   through2: [ '2.0.5' ],
15 silly audit   'through2-filter': [ '3.0.0' ],
15 silly audit   'timers-ext': [ '0.1.8' ],
15 silly audit   timm: [ '1.7.1' ],
15 silly audit   tinycolor2: [ '1.6.0' ],
15 silly audit   tinygradient: [ '1.1.5' ],
15 silly audit   tinyurl: [ '1.1.7' ],
15 silly audit   'to-absolute-glob': [ '2.0.2' ],
15 silly audit   toidentifier: [ '1.0.1' ],
15 silly audit   'token-types': [ '4.2.1' ],
15 silly audit   'totp-generator': [ '0.0.14' ],
15 silly audit   universalify: [ '0.2.0', '2.0.1' ],
15 silly audit   tr46: [ '0.0.3' ],
15 silly audit   ttys: [ '0.0.3' ],
15 silly audit   'tunnel-agent': [ '0.6.0' ],
15 silly audit   tweetnacl: [ '0.14.5' ],
15 silly audit   type: [ '2.7.3' ],
15 silly audit   'type-is': [ '1.6.18' ],
15 silly audit   typedarray: [ '0.0.6' ],
15 silly audit   ultron: [ '1.1.1' ],
15 silly audit   'unc-path-regex': [ '0.1.2' ],
15 silly audit   'undici-types': [ '5.26.5' ],
15 silly audit   'unique-filename': [ '1.1.1' ],
15 silly audit   'unique-slug': [ '2.0.2' ],
15 silly audit   'unique-stream': [ '2.3.1' ],
15 silly audit   unpipe: [ '1.0.0' ],
15 silly audit   'uri-js': [ '4.4.1' ],
15 silly audit   'url-parse': [ '1.5.10' ],
15 silly audit   utif2: [ '4.1.0' ],
15 silly audit   'util-deprecate': [ '1.0.2' ],
15 silly audit   'utils-merge': [ '1.0.1' ],
15 silly audit   vary: [ '1.1.2' ],
15 silly audit   verror: [ '1.10.0' ],
15 silly audit   'webidl-conversions': [ '3.0.1' ],
15 silly audit   'websocket-stream': [ '5.5.2' ],
15 silly audit   'whatwg-encoding': [ '3.1.1' ],
15 silly audit   'whatwg-fetch': [ '3.6.20' ],
15 silly audit   'whatwg-mimetype': [ '4.0.0' ],
15 silly audit   'whatwg-url': [ '5.0.0' ],
15 silly audit   which: [ '2.0.2' ],
15 silly audit   'which-typed-array': [ '1.1.16' ],
15 silly audit   'wide-align': [ '1.1.5' ],
15 silly audit   wrappy: [ '1.0.2' ],
15 silly audit   xhr: [ '2.6.0' ],
15 silly audit   'xml-parse-from-string': [ '1.0.1' ],
15 silly audit   xml2js: [ '0.5.0' ],
15 silly audit   xmlbuilder: [ '11.0.1' ],
15 silly audit   xtend: [ '4.0.2' ],
15 silly audit   yallist: [ '4.0.0' ],
15 silly audit   'youtube-search-api': [ '1.2.2' ],
15 silly audit   'yt-search': [ '2.12.1' ]
15 silly audit }
16 http fetch POST 200 https://registry.npmjs.org/-/npm/v1/security/advisories/bulk 1620ms
17 silly audit report {
17 silly audit report   axios: [
17 silly audit report     {
17 silly audit report       id: 1097679,
17 silly audit report       url: 'https://github.com/advisories/GHSA-wf5p-g6vw-rhxx',
17 silly audit report       title: 'Axios Cross-Site Request Forgery Vulnerability',
17 silly audit report       severity: 'moderate',
17 silly audit report       vulnerable_versions: '>=0.8.1 <0.28.0',
17 silly audit report       cwe: [Array],
17 silly audit report       cvss: [Object]
17 silly audit report     }
17 silly audit report   ],
17 silly audit report   'nth-check': [
17 silly audit report     {
17 silly audit report       id: 1095141,
17 silly audit report       url: 'https://github.com/advisories/GHSA-rp65-9cf3-cjxr',
17 silly audit report       title: 'Inefficient Regular Expression Complexity in nth-check',
17 silly audit report       severity: 'high',
17 silly audit report       vulnerable_versions: '<2.0.1',
17 silly audit report       cwe: [Array],
17 silly audit report       cvss: [Object]
17 silly audit report     }
17 silly audit report   ],
17 silly audit report   'jsonpath-plus': [
17 silly audit report     {
17 silly audit report       id: 1100560,
17 silly audit report       url: 'https://github.com/advisories/GHSA-pppg-cpfq-h7wr',
17 silly audit report       title: 'JSONPath Plus Remote Code Execution (RCE) Vulnerability',
17 silly audit report       severity: 'critical',
17 silly audit report       vulnerable_versions: '<10.0.7',
17 silly audit report       cwe: [Array],
17 silly audit report       cvss: [Object]
17 silly audit report     }
17 silly audit report   ],
17 silly audit report   'lodash.pick': [
17 silly audit report     {
17 silly audit report       id: 1096303,
17 silly audit report       url: 'https://github.com/advisories/GHSA-p6mc-m468-83gw',
17 silly audit report       title: 'Prototype Pollution in lodash',
17 silly audit report       severity: 'high',
17 silly audit report       vulnerable_versions: '>=4.0.0 <=4.4.0',
17 silly audit report       cwe: [Array],
17 silly audit report       cvss: [Object]
17 silly audit report     }
17 silly audit report   ],
17 silly audit report   ws: [
17 silly audit report     {
17 silly audit report       id: 1098395,
17 silly audit report       url: 'https://github.com/advisories/GHSA-3h5v-q93c-6h6q',
17 silly audit report       title: 'ws affected by a DoS when handling a request with many HTTP headers',
17 silly audit report       severity: 'high',
17 silly audit report       vulnerable_versions: '>=2.1.0 <5.2.4',
17 silly audit report       cwe: [Array],
17 silly audit report       cvss: [Object]
17 silly audit report     }
17 silly audit report   ],
17 silly audit report   request: [
17 silly audit report     {
17 silly audit report       id: 1096727,
17 silly audit report       url: 'https://github.com/advisories/GHSA-p8p7-x288-28g6',
17 silly audit report       title: 'Server-Side Request Forgery in Request',
17 silly audit report       severity: 'moderate',
17 silly audit report       vulnerable_versions: '<=2.88.2',
17 silly audit report       cwe: [Array],
17 silly audit report       cvss: [Object]
17 silly audit report     }
17 silly audit report   ],
17 silly audit report   'tough-cookie': [
17 silly audit report     {
17 silly audit report       id: 1097682,
17 silly audit report       url: 'https://github.com/advisories/GHSA-72xf-g2v4-qvf3',
17 silly audit report       title: 'tough-cookie Prototype Pollution vulnerability',
17 silly audit report       severity: 'moderate',
17 silly audit report       vulnerable_versions: '<4.1.3',
17 silly audit report       cwe: [Array],
17 silly audit report       cvss: [Object]
17 silly audit report     }
17 silly audit report   ]
17 silly audit report }
18 silly packumentCache corgi:https://registry.npmjs.org/axios cache-miss
19 silly packumentCache corgi:https://registry.npmjs.org/nth-check cache-miss
20 silly packumentCache corgi:https://registry.npmjs.org/jsonpath-plus cache-miss
21 silly packumentCache corgi:https://registry.npmjs.org/lodash.pick cache-miss
22 silly packumentCache corgi:https://registry.npmjs.org/ws cache-miss
23 silly packumentCache corgi:https://registry.npmjs.org/request cache-miss
24 silly packumentCache corgi:https://registry.npmjs.org/tough-cookie cache-miss
25 http cache https://registry.npmjs.org/nth-check 63ms (cache hit)
26 silly packumentCache corgi:https://registry.npmjs.org/nth-check set size:10078 disposed:false
27 http cache https://registry.npmjs.org/axios 67ms (cache hit)
28 silly packumentCache corgi:https://registry.npmjs.org/axios set size:224652 disposed:false
29 http cache https://registry.npmjs.org/request 64ms (cache hit)
30 silly packumentCache corgi:https://registry.npmjs.org/request set size:129997 disposed:false
31 http cache https://registry.npmjs.org/jsonpath-plus 77ms (cache hit)
32 silly packumentCache corgi:https://registry.npmjs.org/jsonpath-plus set size:84912 disposed:false
33 http cache https://registry.npmjs.org/lodash.pick 76ms (cache hit)
34 silly packumentCache corgi:https://registry.npmjs.org/lodash.pick set size:9898 disposed:false
35 http cache https://registry.npmjs.org/ws 77ms (cache hit)
36 silly packumentCache corgi:https://registry.npmjs.org/ws set size:190597 disposed:false
37 http cache https://registry.npmjs.org/tough-cookie 79ms (cache hit)
38 silly packumentCache corgi:https://registry.npmjs.org/tough-cookie set size:45590 disposed:false
39 silly packumentCache corgi:https://registry.npmjs.org/youtube-search-api cache-miss
40 http cache https://registry.npmjs.org/youtube-search-api 12ms (cache hit)
41 silly packumentCache corgi:https://registry.npmjs.org/youtube-search-api set size:23246 disposed:false
42 silly packumentCache corgi:https://registry.npmjs.org/css-select cache-miss
43 http cache https://registry.npmjs.org/css-select 32ms (cache hit)
44 silly packumentCache corgi:https://registry.npmjs.org/css-select set size:44393 disposed:false
45 silly packumentCache corgi:https://registry.npmjs.org/yt-search cache-miss
46 http cache https://registry.npmjs.org/yt-search 14ms (cache hit)
47 silly packumentCache corgi:https://registry.npmjs.org/yt-search set size:124200 disposed:false
48 silly packumentCache corgi:https://registry.npmjs.org/cheerio cache-miss
49 http cache https://registry.npmjs.org/cheerio 22ms (cache hit)
50 silly packumentCache corgi:https://registry.npmjs.org/cheerio set size:64199 disposed:false
51 silly packumentCache corgi:https://registry.npmjs.org/websocket-stream cache-miss
52 http cache https://registry.npmjs.org/websocket-stream 13ms (cache hit)
53 silly packumentCache corgi:https://registry.npmjs.org/websocket-stream set size:43375 disposed:false
54 silly packumentCache corgi:https://registry.npmjs.org/fca-liane-utils cache-miss
55 silly packumentCache corgi:https://registry.npmjs.org/fca-priyansh cache-miss
56 silly packumentCache corgi:https://registry.npmjs.org/fca-unofficial cache-miss
57 silly packumentCache corgi:https://registry.npmjs.org/ryuu-fca-api cache-miss
58 http cache https://registry.npmjs.org/fca-liane-utils 46ms (cache hit)
59 silly packumentCache corgi:https://registry.npmjs.org/fca-liane-utils set size:14025 disposed:false
60 http cache https://registry.npmjs.org/fca-priyansh 46ms (cache hit)
61 silly packumentCache corgi:https://registry.npmjs.org/fca-priyansh set size:31574 disposed:false
62 http cache https://registry.npmjs.org/fca-unofficial 44ms (cache hit)
63 silly packumentCache corgi:https://registry.npmjs.org/fca-unofficial set size:92568 disposed:false
64 http cache https://registry.npmjs.org/ryuu-fca-api 43ms (cache hit)
65 silly packumentCache corgi:https://registry.npmjs.org/ryuu-fca-api set size:17139 disposed:false
66 silly packumentCache corgi:https://registry.npmjs.org/mqtt cache-miss
67 http cache https://registry.npmjs.org/mqtt 23ms (cache hit)
68 silly packumentCache corgi:https://registry.npmjs.org/mqtt set size:303380 disposed:false
69 verbose cwd /home/container
70 verbose os Linux 5.15.0-122-generic
71 verbose node v21.7.3
72 verbose npm  v10.9.2
73 verbose exit 0
74 info ok
